<?xml version="1.0" encoding="UTF-8"?>
<!-- Generated by org.testng.reporters.JUnitXMLReporter -->
<testsuite hostname="DESKTOP-G1GSCKP" ignored="0" name="Default test" tests="16" failures="0" timestamp="16 Feb 2019 17:33:53 GMT" time="76.787" errors="0">
  <testcase name="testLogin" time="8.171" classname="testcases.ExceuteTest"/>
  <testcase name="testLogin" time="1.696" classname="testcases.ExceuteTest"/>
  <testcase name="testLogin" time="5.588" classname="testcases.ExceuteTest"/>
  <testcase name="testLogin" time="3.419" classname="testcases.ExceuteTest"/>
  <testcase name="testLogin" time="3.375" classname="testcases.ExceuteTest"/>
  <testcase name="testLogin" time="3.205" classname="testcases.ExceuteTest"/>
  <testcase name="testLogin" time="3.18" classname="testcases.ExceuteTest"/>
  <testcase name="testLogin" time="11.742" classname="testcases.ExceuteTest"/>
  <testcase name="testLogin" time="5.857" classname="testcases.ExceuteTest"/>
  <testcase name="testLogin" time="2.859" classname="testcases.ExceuteTest"/>
  <testcase name="testLogin" time="5.12" classname="testcases.ExceuteTest"/>
  <testcase name="testLogin" time="3.301" classname="testcases.ExceuteTest"/>
  <testcase name="testLogin" time="3.223" classname="testcases.ExceuteTest"/>
  <testcase name="testLogin" time="3.126" classname="testcases.ExceuteTest"/>
  <testcase name="testLogin" time="3.199" classname="testcases.ExceuteTest"/>
  <testcase name="testLogin" time="6.077" classname="testcases.ExceuteTest"/>
</testsuite> <!-- Default test -->
